#
# A fatal error has been detected by the Java Runtime Environment:
#
#  EXCEPTION_ACCESS_VIOLATION (0xc0000005) at pc=0x000000005e11df13, pid=10480, tid=0x00000000000023cc
#
# JRE version: OpenJDK Runtime Environment (8.0_212-b04) (build 1.8.0_212-release-1586-b04)
# Java VM: OpenJDK 64-Bit Server VM (25.212-b04 mixed mode windows-amd64 compressed oops)
# Problematic frame:
# V  [jvm.dll+0xedf13]
#
# Failed to write core dump. Minidumps are not enabled by default on client versions of Windows
#
# If you would like to submit a bug report, please visit:
#   
#

---------------  T H R E A D  ---------------

Current thread (0x0000000002868800):  GCTaskThread [stack: 0x0000000012320000,0x0000000012420000] [id=9164]

siginfo: ExceptionCode=0xc0000005, reading address 0x00000000ed9f2d18

Registers:
RAX=0x00000000ed9f2d18, RBX=0x00000000ea709dc0, RCX=0x0000000000000000, RDX=0x00000000ea709dc0
RSP=0x000000001241f4b0, RBP=0x0000000000001788, RSI=0x00000000162841c0, RDI=0x00000000ea709e60
R8 =0x00000000162841c0, R9 =0x00000000ed9f2d18, R10=0x0000000000000002, R11=0x00000000ea8e84a8
R12=0x0000000011d28468, R13=0x0000000016284100, R14=0x0000000000000000, R15=0x00000000028625a0
RIP=0x000000005e11df13, EFLAGS=0x0000000000010206

Top of Stack: (sp=0x000000001241f4b0)
0x000000001241f4b0:   00000000ea709dbd 00000000ea709dbd
0x000000001241f4c0:   00000000162841c0 00000000ecb9c588
0x000000001241f4d0:   00000000ea8e04b8 000000005e3ff2cb
0x000000001241f4e0:   0000000000000000 0000000000000005
0x000000001241f4f0:   0000000000000000 0000000016284100
0x000000001241f500:   0000000000001756 000000005e3ff5e8
0x000000001241f510:   00000000ea704030 00000000162841c0
0x000000001241f520:   00000000162841c0 00000000a308d608
0x000000001241f530:   00000000a308d608 000000005e3ffa7c
0x000000001241f540:   00000000ec6eadf0 0000000011d28481
0x000000001241f550:   00000000162841c0 00000000eab90012
0x000000001241f560:   00000000162841c0 000000005e0f76d0
0x000000001241f570:   00000000a2d4b0fc 000000005e11f8a7
0x000000001241f580:   00000000162841c0 000000005e11df83
0x000000001241f590:   00000000a2d4f0a1 00000000a2d4f0a1
0x000000001241f5a0:   00000000a308d550 000000005e11f8a7 

Instructions: (pc=0x000000005e11df13)
0x000000005e11def3:   28 4c 8b c1 48 85 d2 0f 84 83 00 00 00 44 8b 0a
0x000000005e11df03:   8b 0d ff 27 67 00 49 d3 e1 4c 03 0d ed 27 67 00
0x000000005e11df13:   49 8b 01 24 03 3c 03 75 5a 4d 8b 09 80 3d ba 80
0x000000005e11df23:   67 00 00 74 0f 41 0f b6 c1 24 07 3c 05 75 05 45 


Register to memory mapping:

RAX=0x00000000ed9f2d18 is an unallocated location in the heap
RBX=0x00000000ea709dc0 is an oop

[error occurred during error reporting (printing register info), id 0xc0000005]

Stack: [0x0000000012320000,0x0000000012420000],  sp=0x000000001241f4b0,  free space=1021k
Native frames: (J=compiled Java code, j=interpreted, Vv=VM code, C=native code)
V  [jvm.dll+0xedf13]
V  [jvm.dll+0x3cf2cb]
V  [jvm.dll+0x3cf5e8]
V  [jvm.dll+0x3cfa7c]
V  [jvm.dll+0x3bf23f]
V  [jvm.dll+0x3d1a42]
V  [jvm.dll+0x3c0a0e]
V  [jvm.dll+0x26f53a]
C  [msvcr100.dll+0x21d9f]
C  [msvcr100.dll+0x21e3b]
C  [KERNEL32.DLL+0x17bd4]
C  [ntdll.dll+0x6ced1]


---------------  P R O C E S S  ---------------

Java Threads: ( => current thread )
  0x000000001e91d800 JavaThread "stdout" [_thread_in_native, id=4192, stack(0x0000000024150000,0x0000000024250000)]
  0x000000001e91c800 JavaThread "stderr" [_thread_in_native, id=13488, stack(0x0000000024050000,0x0000000024150000)]
  0x000000001e923800 JavaThread "pool-21-thread-1" [_thread_blocked, id=13012, stack(0x0000000023f50000,0x0000000024050000)]
  0x000000001e91c000 JavaThread "WorkerExecutor Queue Thread 2" [_thread_blocked, id=11824, stack(0x0000000023c50000,0x0000000023d50000)]
  0x000000001e91b000 JavaThread "WorkerExecutor Queue" [_thread_blocked, id=9844, stack(0x0000000023b50000,0x0000000023c50000)]
  0x0000000026310800 JavaThread "Cache worker for execution history cache (C:\Users\bless\Desktop\potato-head-master\.gradle\5.6.4\executionHistory)" [_thread_blocked, id=2492, stack(0x0000000023a50000,0x0000000023b50000)]
  0x000000002630a800 JavaThread "Execution worker for ':' Thread 3" [_thread_blocked, id=12056, stack(0x0000000023950000,0x0000000023a50000)]
  0x000000002630c000 JavaThread "Execution worker for ':' Thread 2" [_thread_blocked, id=2224, stack(0x0000000023450000,0x0000000023550000)]
  0x0000000026309800 JavaThread "Execution worker for ':'" [_thread_blocked, id=14044, stack(0x0000000023150000,0x0000000023250000)]
  0x000000002630f000 JavaThread "Cache worker for file content cache (C:\Users\bless\Desktop\potato-head-master\.gradle\5.6.4\fileContent)" [_thread_blocked, id=9460, stack(0x0000000022790000,0x0000000022890000)]
  0x0000000026310000 JavaThread "Cache worker for Build Output Cleanup Cache (C:\Users\bless\Desktop\potato-head-master\.gradle\buildOutputCleanup)" [_thread_blocked, id=7468, stack(0x0000000021c90000,0x0000000021d90000)]
  0x000000002630e800 JavaThread "Build operations Thread 4" [_thread_blocked, id=2136, stack(0x00000000205c0000,0x00000000206c0000)]
  0x000000002630d800 JavaThread "Build operations Thread 3" [_thread_blocked, id=9364, stack(0x00000000204c0000,0x00000000205c0000)]
  0x000000002630b800 JavaThread "Build operations Thread 2" [_thread_blocked, id=11784, stack(0x00000000203c0000,0x00000000204c0000)]
  0x0000000026302000 JavaThread "Build operations" [_thread_blocked, id=3536, stack(0x000000001ff80000,0x0000000020080000)]
  0x0000000026309000 JavaThread "Cache worker for cache directory md-rule (C:\Users\bless\.gradle\caches\5.6.4\md-rule)" [_thread_blocked, id=7856, stack(0x000000001e410000,0x000000001e510000)]
  0x0000000026303000 JavaThread "Cache worker for cache directory md-supplier (C:\Users\bless\.gradle\caches\5.6.4\md-supplier)" [_thread_blocked, id=11696, stack(0x000000001e310000,0x000000001e410000)]
  0x0000000026301800 JavaThread "Cache worker for file hash cache (C:\Users\bless\Desktop\potato-head-master\.gradle\5.6.4\fileHashes)" [_thread_blocked, id=3516, stack(0x000000001e210000,0x000000001e310000)]
  0x0000000026308000 JavaThread "Thread-222" [_thread_blocked, id=14048, stack(0x000000001e110000,0x000000001e210000)]
  0x0000000026304800 JavaThread "Stdin handler" [_thread_blocked, id=6200, stack(0x000000001b670000,0x000000001b770000)]
  0x0000000026306800 JavaThread "Asynchronous log dispatcher for DefaultDaemonConnection: socket connection from /127.0.0.1:62864 to /127.0.0.1:65211" [_thread_blocked, id=5988, stack(0x000000001b370000,0x000000001b470000)]
  0x0000000026307800 JavaThread "Cancel handler" [_thread_blocked, id=9408, stack(0x000000001af70000,0x000000001b070000)]
  0x0000000026303800 JavaThread "Handler for socket connection from /127.0.0.1:62864 to /127.0.0.1:65211" [_thread_in_native, id=5620, stack(0x000000001ae70000,0x000000001af70000)]
  0x000000001e91e000 JavaThread "Daemon worker Thread 6" [_thread_blocked, id=3256, stack(0x000000001b270000,0x000000001b370000)]
  0x000000001e91a800 JavaThread "Daemon Thread 6" [_thread_blocked, id=11140, stack(0x0000000002230000,0x0000000002330000)]
  0x000000001e928800 JavaThread "Cache worker for Java compile cache (C:\Users\bless\.gradle\caches\5.6.4\javaCompile)" [_thread_blocked, id=11236, stack(0x00000000248d0000,0x00000000249d0000)]
  0x000000001be79000 JavaThread "Cache worker for file content cache (C:\Users\bless\.gradle\caches\5.6.4\fileContent)" [_thread_blocked, id=3028, stack(0x0000000022690000,0x0000000022790000)]
  0x000000001be71800 JavaThread "Memory manager" [_thread_blocked, id=7616, stack(0x0000000022590000,0x0000000022690000)]
  0x000000001be74800 JavaThread "Cache worker for execution history cache (C:\Users\bless\.gradle\caches\5.6.4\executionHistory)" [_thread_blocked, id=10228, stack(0x00000000200c0000,0x00000000201c0000)]
  0x0000000019d4d000 JavaThread "Cache worker for journal cache (C:\Users\bless\.gradle\caches\journal-1)" [_thread_blocked, id=12868, stack(0x000000001bb70000,0x000000001bc70000)]
  0x0000000019d4a800 JavaThread "File lock request listener" [_thread_in_native, id=9252, stack(0x000000001ba70000,0x000000001bb70000)]
  0x0000000019d49000 JavaThread "Cache worker for file hash cache (C:\Users\bless\.gradle\caches\5.6.4\fileHashes)" [_thread_blocked, id=14176, stack(0x000000001b970000,0x000000001ba70000)]
  0x0000000019a92800 JavaThread "Daemon periodic checks" [_thread_blocked, id=10832, stack(0x000000001ad70000,0x000000001ae70000)]
  0x00000000199ec800 JavaThread "Incoming local TCP Connector on port 62864" [_thread_in_native, id=13956, stack(0x000000001abc0000,0x000000001acc0000)]
  0x0000000017820000 JavaThread "Daemon health stats" [_thread_blocked, id=5836, stack(0x000000001a8c0000,0x000000001a9c0000)]
  0x00000000176a2000 JavaThread "Service Thread" daemon [_thread_blocked, id=9384, stack(0x0000000017f20000,0x0000000018020000)]
  0x000000001767a000 JavaThread "C1 CompilerThread2" daemon [_thread_blocked, id=8164, stack(0x0000000017e20000,0x0000000017f20000)]
  0x000000001631b000 JavaThread "C2 CompilerThread1" daemon [_thread_in_native, id=4276, stack(0x0000000017d20000,0x0000000017e20000)]
  0x00000000162cc000 JavaThread "C2 CompilerThread0" daemon [_thread_blocked, id=6872, stack(0x0000000017c20000,0x0000000017d20000)]
  0x00000000162cb000 JavaThread "Attach Listener" daemon [_thread_blocked, id=7384, stack(0x0000000017b20000,0x0000000017c20000)]
  0x0000000017628800 JavaThread "Signal Dispatcher" daemon [_thread_blocked, id=7440, stack(0x0000000017a20000,0x0000000017b20000)]
  0x0000000002944000 JavaThread "Finalizer" daemon [_thread_blocked, id=816, stack(0x0000000017520000,0x0000000017620000)]
  0x0000000002941000 JavaThread "Reference Handler" daemon [_thread_blocked, id=9732, stack(0x0000000017420000,0x0000000017520000)]
  0x000000000078d800 JavaThread "main" [_thread_blocked, id=3652, stack(0x0000000002750000,0x0000000002850000)]

Other Threads:
  0x0000000016286800 VMThread [stack: 0x0000000017320000,0x0000000017420000] [id=8888]
  0x00000000176ab000 WatcherThread [stack: 0x0000000018020000,0x0000000018120000] [id=944]

=>0x0000000002868800 (exited) GCTaskThread [stack: 0x0000000012320000,0x0000000012420000] [id=9164]

VM state:at safepoint (normal execution)

VM Mutex/Monitor currently owned by a thread:  ([mutex/lock_event])
[0x000000000078cfb0] Threads_lock - owner thread: 0x0000000016286800
[0x000000000078c830] Heap_lock - owner thread: 0x000000002630a800

heap address: 0x00000000a0000000, size: 1536 MB, Compressed Oops mode: 32-bit
Narrow klass base: 0x0000000000000000, Narrow klass shift: 3
Compressed class space size: 1073741824 Address: 0x0000000100000000

Heap:
 PSYoungGen      total 184832K, used 179880K [0x00000000e0000000, 0x00000000ed400000, 0x0000000100000000)
  eden space 160768K, 100% used [0x00000000e0000000,0x00000000e9d00000,0x00000000e9d00000)
  from space 24064K, 79% used [0x00000000ebc80000,0x00000000ecf2a0a0,0x00000000ed400000)
  to   space 28160K, 52% used [0x00000000e9d00000,0x00000000eab604e8,0x00000000eb880000)
 ParOldGen       total 138752K, used 51739K [0x00000000a0000000, 0x00000000a8780000, 0x00000000e0000000)
  object space 138752K, 37% used [0x00000000a0000000,0x00000000a3286ca8,0x00000000a8780000)
 Metaspace       used 90277K, capacity 95539K, committed 95704K, reserved 1132544K
  class space    used 11789K, capacity 12754K, committed 12760K, reserved 1048576K

Card table byte_map: [0x0000000011d10000,0x0000000012020000] byte_map_base: 0x0000000011810000

Marking Bits: (ParMarkBitMap*) 0x000000005e7f9f30
 Begin Bits: [0x0000000012620000, 0x0000000013e20000)
 End Bits:   [0x0000000013e20000, 0x0000000015620000)

Polling page: 0x0000000000730000

CodeCache: size=245760Kb used=52617Kb max_used=52617Kb free=193142Kb
 bounds [0x0000000002950000, 0x0000000005d00000, 0x0000000011950000]
 total_blobs=16417 nmethods=15546 adapters=782
 compilation: enabled

Compilation events (10 events):
Event: 3880.150 Thread 0x000000001767a000 nmethod 18979 0x0000000005cf7fd0 code [0x0000000005cf8280, 0x0000000005cf9518]
Event: 3880.150 Thread 0x000000001767a000 18977       2       com.android.tools.r8.v.a.a.a.f.x0$e::<init> (6 bytes)
Event: 3880.150 Thread 0x000000001767a000 nmethod 18977 0x0000000005cf0110 code [0x0000000005cf0260, 0x0000000005cf03d0]
Event: 3880.150 Thread 0x000000001767a000 18978       2       com.android.tools.r8.v.a.a.a.f.x0$e::<init> (10 bytes)
Event: 3880.151 Thread 0x000000001767a000 nmethod 18978 0x0000000005cefdd0 code [0x0000000005ceff20, 0x0000000005cf0090]
Event: 3880.151 Thread 0x000000001767a000 18983       3       com.android.tools.r8.v.a.a.a.h.c0::get (134 bytes)
Event: 3880.151 Thread 0x000000001767a000 nmethod 18983 0x0000000005cf2710 code [0x0000000005cf2900, 0x0000000005cf3138]
Event: 3880.151 Thread 0x000000001767a000 18973       3       com.android.tools.r8.ir.regalloc.i$$Lambda$789/1380050806::apply (8 bytes)
Event: 3880.152 Thread 0x000000001767a000 nmethod 18973 0x0000000005cf9ad0 code [0x0000000005cf9ca0, 0x0000000005cfa2a8]
Event: 3880.152 Thread 0x000000001767a000 18974       3       com.android.tools.r8.ir.regalloc.i::c (8 bytes)

GC Heap History (10 events):
Event: 905.215 GC heap after
Heap after GC invocations=19 (full 3):
 PSYoungGen      total 199168K, used 16794K [0x00000000e0000000, 0x00000000eff00000, 0x0000000100000000)
  eden space 182272K, 0% used [0x00000000e0000000,0x00000000e0000000,0x00000000eb200000)
  from space 16896K, 99% used [0x00000000eee80000,0x00000000efee6910,0x00000000eff00000)
  to   space 30720K, 0% used [0x00000000ec300000,0x00000000ec300000,0x00000000ee100000)
 ParOldGen       total 138752K, used 51699K [0x00000000a0000000, 0x00000000a8780000, 0x00000000e0000000)
  object space 138752K, 37% used [0x00000000a0000000,0x00000000a327cca8,0x00000000a8780000)
 Metaspace       used 85221K, capacity 88759K, committed 88920K, reserved 1126400K
  class space    used 11355K, capacity 12089K, committed 12120K, reserved 1048576K
}
Event: 993.494 GC heap before
{Heap before GC invocations=20 (full 3):
 PSYoungGen      total 199168K, used 199066K [0x00000000e0000000, 0x00000000eff00000, 0x0000000100000000)
  eden space 182272K, 100% used [0x00000000e0000000,0x00000000eb200000,0x00000000eb200000)
  from space 16896K, 99% used [0x00000000eee80000,0x00000000efee6910,0x00000000eff00000)
  to   space 30720K, 0% used [0x00000000ec300000,0x00000000ec300000,0x00000000ee100000)
 ParOldGen       total 138752K, used 51699K [0x00000000a0000000, 0x00000000a8780000, 0x00000000e0000000)
  object space 138752K, 37% used [0x00000000a0000000,0x00000000a327cca8,0x00000000a8780000)
 Metaspace       used 86674K, capacity 90511K, committed 90584K, reserved 1128448K
  class space    used 11465K, capacity 12235K, committed 12248K, reserved 1048576K
Event: 993.536 GC heap after
Heap after GC invocations=20 (full 3):
 PSYoungGen      total 191488K, used 14600K [0x00000000e0000000, 0x00000000eef00000, 0x0000000100000000)
  eden space 176640K, 0% used [0x00000000e0000000,0x00000000e0000000,0x00000000eac80000)
  from space 14848K, 98% used [0x00000000ec300000,0x00000000ed142338,0x00000000ed180000)
  to   space 29696K, 0% used [0x00000000ed200000,0x00000000ed200000,0x00000000eef00000)
 ParOldGen       total 138752K, used 51707K [0x00000000a0000000, 0x00000000a8780000, 0x00000000e0000000)
  object space 138752K, 37% used [0x00000000a0000000,0x00000000a327eca8,0x00000000a8780000)
 Metaspace       used 86674K, capacity 90511K, committed 90584K, reserved 1128448K
  class space    used 11465K, capacity 12235K, committed 12248K, reserved 1048576K
}
Event: 2934.372 GC heap before
{Heap before GC invocations=21 (full 3):
 PSYoungGen      total 191488K, used 191240K [0x00000000e0000000, 0x00000000eef00000, 0x0000000100000000)
  eden space 176640K, 100% used [0x00000000e0000000,0x00000000eac80000,0x00000000eac80000)
  from space 14848K, 98% used [0x00000000ec300000,0x00000000ed142338,0x00000000ed180000)
  to   space 29696K, 0% used [0x00000000ed200000,0x00000000ed200000,0x00000000eef00000)
 ParOldGen       total 138752K, used 51707K [0x00000000a0000000, 0x00000000a8780000, 0x00000000e0000000)
  object space 138752K, 37% used [0x00000000a0000000,0x00000000a327eca8,0x00000000a8780000)
 Metaspace       used 87483K, capacity 91547K, committed 91736K, reserved 1128448K
  class space    used 11503K, capacity 12305K, committed 12376K, reserved 1048576K
Event: 2934.433 GC heap after
Heap after GC invocations=21 (full 3):
 PSYoungGen      total 184320K, used 10896K [0x00000000e0000000, 0x00000000edf00000, 0x0000000100000000)
  eden space 171008K, 0% used [0x00000000e0000000,0x00000000e0000000,0x00000000ea700000)
  from space 13312K, 81% used [0x00000000ed200000,0x00000000edca4220,0x00000000edf00000)
  to   space 28672K, 0% used [0x00000000ea700000,0x00000000ea700000,0x00000000ec300000)
 ParOldGen       total 138752K, used 51715K [0x00000000a0000000, 0x00000000a8780000, 0x00000000e0000000)
  object space 138752K, 37% used [0x00000000a0000000,0x00000000a3280ca8,0x00000000a8780000)
 Metaspace       used 87483K, capacity 91547K, committed 91736K, reserved 1128448K
  class space    used 11503K, capacity 12305K, committed 12376K, reserved 1048576K
}
Event: 3128.241 GC heap before
{Heap before GC invocations=22 (full 3):
 PSYoungGen      total 184320K, used 181904K [0x00000000e0000000, 0x00000000edf00000, 0x0000000100000000)
  eden space 171008K, 100% used [0x00000000e0000000,0x00000000ea700000,0x00000000ea700000)
  from space 13312K, 81% used [0x00000000ed200000,0x00000000edca4220,0x00000000edf00000)
  to   space 28672K, 0% used [0x00000000ea700000,0x00000000ea700000,0x00000000ec300000)
 ParOldGen       total 138752K, used 51715K [0x00000000a0000000, 0x00000000a8780000, 0x00000000e0000000)
  object space 138752K, 37% used [0x00000000a0000000,0x00000000a3280ca8,0x00000000a8780000)
 Metaspace       used 88078K, capacity 92685K, committed 92888K, reserved 1130496K
  class space    used 11570K, capacity 12428K, committed 12504K, reserved 1048576K
Event: 3128.271 GC heap after
Heap after GC invocations=22 (full 3):
 PSYoungGen      total 179712K, used 13773K [0x00000000e0000000, 0x00000000ed700000, 0x0000000100000000)
  eden space 165888K, 0% used [0x00000000e0000000,0x00000000e0000000,0x00000000ea200000)
  from space 13824K, 99% used [0x00000000ea700000,0x00000000eb473700,0x00000000eb480000)
  to   space 27136K, 0% used [0x00000000ebc80000,0x00000000ebc80000,0x00000000ed700000)
 ParOldGen       total 138752K, used 51723K [0x00000000a0000000, 0x00000000a8780000, 0x00000000e0000000)
  object space 138752K, 37% used [0x00000000a0000000,0x00000000a3282ca8,0x00000000a8780000)
 Metaspace       used 88078K, capacity 92685K, committed 92888K, reserved 1130496K
  class space    used 11570K, capacity 12428K, committed 12504K, reserved 1048576K
}
Event: 3855.072 GC heap before
{Heap before GC invocations=23 (full 3):
 PSYoungGen      total 179712K, used 179661K [0x00000000e0000000, 0x00000000ed700000, 0x0000000100000000)
  eden space 165888K, 100% used [0x00000000e0000000,0x00000000ea200000,0x00000000ea200000)
  from space 13824K, 99% used [0x00000000ea700000,0x00000000eb473700,0x00000000eb480000)
  to   space 27136K, 0% used [0x00000000ebc80000,0x00000000ebc80000,0x00000000ed700000)
 ParOldGen       total 138752K, used 51723K [0x00000000a0000000, 0x00000000a8780000, 0x00000000e0000000)
  object space 138752K, 37% used [0x00000000a0000000,0x00000000a3282ca8,0x00000000a8780000)
 Metaspace       used 88789K, capacity 93809K, committed 94040K, reserved 1130496K
  class space    used 11669K, capacity 12591K, committed 12632K, reserved 1048576K
Event: 3855.141 GC heap after
Heap after GC invocations=23 (full 3):
 PSYoungGen      total 184832K, used 19112K [0x00000000e0000000, 0x00000000ed400000, 0x0000000100000000)
  eden space 160768K, 0% used [0x00000000e0000000,0x00000000e0000000,0x00000000e9d00000)
  from space 24064K, 79% used [0x00000000ebc80000,0x00000000ecf2a0a0,0x00000000ed400000)
  to   space 28160K, 0% used [0x00000000e9d00000,0x00000000e9d00000,0x00000000eb880000)
 ParOldGen       total 138752K, used 51731K [0x00000000a0000000, 0x00000000a8780000, 0x00000000e0000000)
  object space 138752K, 37% used [0x00000000a0000000,0x00000000a3284ca8,0x00000000a8780000)
 Metaspace       used 88789K, capacity 93809K, committed 94040K, reserved 1130496K
  class space    used 11669K, capacity 12591K, committed 12632K, reserved 1048576K
}
Event: 3880.153 GC heap before
{Heap before GC invocations=24 (full 3):
 PSYoungGen      total 184832K, used 179880K [0x00000000e0000000, 0x00000000ed400000, 0x0000000100000000)
  eden space 160768K, 100% used [0x00000000e0000000,0x00000000e9d00000,0x00000000e9d00000)
  from space 24064K, 79% used [0x00000000ebc80000,0x00000000ecf2a0a0,0x00000000ed400000)
  to   space 28160K, 0% used [0x00000000e9d00000,0x00000000e9d00000,0x00000000eb880000)
 ParOldGen       total 138752K, used 51731K [0x00000000a0000000, 0x00000000a8780000, 0x00000000e0000000)
  object space 138752K, 37% used [0x00000000a0000000,0x00000000a3284ca8,0x00000000a8780000)
 Metaspace       used 90277K, capacity 95539K, committed 95704K, reserved 1132544K
  class space    used 11789K, capacity 12754K, committed 12760K, reserved 1048576K

Deoptimization events (10 events):
Event: 3879.492 Thread 0x000000002630a800 Uncommon trap: reason=unstable_if action=reinterpret pc=0x00000000043872a8 method=com.android.tools.r8.ir.regalloc.LinearScanRegisterAllocator.a(I)I @ 12
Event: 3879.492 Thread 0x000000002630a800 Uncommon trap: reason=unstable_if action=reinterpret pc=0x0000000005375bf0 method=com.android.tools.r8.ir.regalloc.LinearScanRegisterAllocator.a(I)I @ 12
Event: 3879.506 Thread 0x000000002630a800 Uncommon trap: reason=unstable_if action=reinterpret pc=0x0000000003ed2b3c method=com.android.tools.r8.ir.regalloc.a.r()Z @ 9
Event: 3879.521 Thread 0x000000001e91e000 Uncommon trap: reason=unstable_if action=reinterpret pc=0x0000000004042a38 method=org.gradle.api.internal.changedetection.state.GlobalScopeFileTimeStampInspector.timestampCanBeUsedToDetectFileChange(Ljava/lang/String;J)Z @ 37
Event: 3879.608 Thread 0x000000002630a800 Uncommon trap: reason=bimorphic action=maybe_recompile pc=0x000000000444c578 method=com.android.tools.r8.s.a.a.b.a.next()Ljava/lang/Object; @ 21
Event: 3879.619 Thread 0x000000002630a800 Uncommon trap: reason=bimorphic action=maybe_recompile pc=0x000000000444c578 method=com.android.tools.r8.s.a.a.b.a.next()Ljava/lang/Object; @ 21
Event: 3879.792 Thread 0x000000001e91e000 Uncommon trap: reason=unstable_if action=reinterpret pc=0x0000000005a7bd74 method=com.android.tools.r8.s.a.a.b.t0.b(I[Ljava/lang/Object;)Lcom/android/tools/r8/s/a/a/b/t0; @ 113
Event: 3879.914 Thread 0x000000002630a800 Uncommon trap: reason=bimorphic action=maybe_recompile pc=0x000000000444c578 method=com.android.tools.r8.s.a.a.b.a.next()Ljava/lang/Object; @ 21
Event: 3879.914 Thread 0x000000002630a800 Uncommon trap: reason=bimorphic action=maybe_recompile pc=0x000000000444c578 method=com.android.tools.r8.s.a.a.b.a.next()Ljava/lang/Object; @ 21
Event: 3880.147 Thread 0x000000002630a800 Uncommon trap: reason=unstable_if action=reinterpret pc=0x0000000005cb7aac method=com.android.tools.r8.ir.optimize.h.a(Lcom/android/tools/r8/u/b/d0;ZLcom/android/tools/r8/u/b/d0;)Z @ 20

Classes redefined (0 events):
No events

Internal exceptions (10 events):
Event: 3879.240 Thread 0x000000002630c000 Exception <a 'sun/nio/fs/WindowsException'> (0x00000000e63e6e48) thrown at [D:\src\AOSP-openjdk-cygwin\jdk8u\hotspot\src\share\vm\prims\jni.cpp, line 710]
Event: 3879.310 Thread 0x000000001e91e000 Exception <a 'sun/nio/fs/WindowsException'> (0x00000000e65c1050) thrown at [D:\src\AOSP-openjdk-cygwin\jdk8u\hotspot\src\share\vm\prims\jni.cpp, line 710]
Event: 3879.455 Thread 0x000000002630c000 Exception <a 'sun/nio/fs/WindowsException'> (0x00000000e6fc4d18) thrown at [D:\src\AOSP-openjdk-cygwin\jdk8u\hotspot\src\share\vm\prims\jni.cpp, line 710]
Event: 3879.476 Thread 0x0000000026309800 Exception <a 'sun/nio/fs/WindowsException'> (0x00000000e7100b98) thrown at [D:\src\AOSP-openjdk-cygwin\jdk8u\hotspot\src\share\vm\prims\jni.cpp, line 710]
Event: 3879.569 Thread 0x0000000026309800 Exception <a 'sun/nio/fs/WindowsException'> (0x00000000e7785778) thrown at [D:\src\AOSP-openjdk-cygwin\jdk8u\hotspot\src\share\vm\prims\jni.cpp, line 710]
Event: 3879.710 Thread 0x000000002630a800 Exception <a 'sun/nio/fs/WindowsException'> (0x00000000e7dd46d8) thrown at [D:\src\AOSP-openjdk-cygwin\jdk8u\hotspot\src\share\vm\prims\jni.cpp, line 710]
Event: 3879.750 Thread 0x000000001e91e000 Exception <a 'sun/nio/fs/WindowsException'> (0x00000000e7e12bf0) thrown at [D:\src\AOSP-openjdk-cygwin\jdk8u\hotspot\src\share\vm\prims\jni.cpp, line 710]
Event: 3879.824 Thread 0x000000001e91e000 Exception <a 'sun/nio/fs/WindowsException'> (0x00000000e8365ff0) thrown at [D:\src\AOSP-openjdk-cygwin\jdk8u\hotspot\src\share\vm\prims\jni.cpp, line 710]
Event: 3879.839 Thread 0x000000002630a800 Exception <a 'sun/nio/fs/WindowsException'> (0x00000000e844c260) thrown at [D:\src\AOSP-openjdk-cygwin\jdk8u\hotspot\src\share\vm\prims\jni.cpp, line 710]
Event: 3879.958 Thread 0x000000002630c000 Exception <a 'sun/nio/fs/WindowsException'> (0x00000000e8a3cc70) thrown at [D:\src\AOSP-openjdk-cygwin\jdk8u\hotspot\src\share\vm\prims\jni.cpp, line 710]

Events (10 events):
Event: 3879.914 Thread 0x000000002630a800 DEOPT UNPACKING pc=0x000000000299557b sp=0x0000000023a4b1f0 mode 2
Event: 3879.914 Thread 0x000000002630a800 Uncommon trap: trap_request=0xffffffc6 fr.pc=0x000000000444c578
Event: 3879.914 Thread 0x000000002630a800 DEOPT PACKING pc=0x000000000444c578 sp=0x0000000023a4b250
Event: 3879.914 Thread 0x000000002630a800 DEOPT UNPACKING pc=0x000000000299557b sp=0x0000000023a4b1f0 mode 2
Event: 3879.971 Executing VM operation: ForceSafepoint
Event: 3879.973 Executing VM operation: ForceSafepoint done
Event: 3880.147 Thread 0x000000002630a800 Uncommon trap: trap_request=0xffffff65 fr.pc=0x0000000005cb7aac
Event: 3880.147 Thread 0x000000002630a800 DEOPT PACKING pc=0x0000000005cb7aac sp=0x0000000023a4b0c0
Event: 3880.147 Thread 0x000000002630a800 DEOPT UNPACKING pc=0x000000000299557b sp=0x0000000023a4b0f8 mode 2
Event: 3880.152 Executing VM operation: ParallelGCFailedAllocation


Dynamic libraries:
0x00007ff779b90000 - 0x00007ff779bc1000 	E:\Android Studio\jre\bin\java.exe
0x00007ffb140c0000 - 0x00007ffb142b0000 	C:\WINDOWS\SYSTEM32\ntdll.dll
0x00007ffb13cb0000 - 0x00007ffb13d62000 	C:\WINDOWS\System32\KERNEL32.DLL
0x00007ffb11f20000 - 0x00007ffb121c3000 	C:\WINDOWS\System32\KERNELBASE.dll
0x00007ffb13120000 - 0x00007ffb131c3000 	C:\WINDOWS\System32\ADVAPI32.dll
0x00007ffb13aa0000 - 0x00007ffb13b3e000 	C:\WINDOWS\System32\msvcrt.dll
0x00007ffb13d70000 - 0x00007ffb13e07000 	C:\WINDOWS\System32\sechost.dll
0x00007ffb13510000 - 0x00007ffb13630000 	C:\WINDOWS\System32\RPCRT4.dll
0x00007ffb13e10000 - 0x00007ffb13fa4000 	C:\WINDOWS\System32\USER32.dll
0x00007ffb11830000 - 0x00007ffb11851000 	C:\WINDOWS\System32\win32u.dll
0x00007ffb13c80000 - 0x00007ffb13ca6000 	C:\WINDOWS\System32\GDI32.dll
0x00007ffb119e0000 - 0x00007ffb11b74000 	C:\WINDOWS\System32\gdi32full.dll
0x00007ffb11bd0000 - 0x00007ffb11c6e000 	C:\WINDOWS\System32\msvcp_win.dll
0x00007ffb11c70000 - 0x00007ffb11d6a000 	C:\WINDOWS\System32\ucrtbase.dll
0x00007ffb00de0000 - 0x00007ffb01065000 	C:\WINDOWS\WinSxS\amd64_microsoft.windows.common-controls_6595b64144ccf1df_6.0.18362.693_none_e6c1b3c11311d480\COMCTL32.dll
0x00007ffb131d0000 - 0x00007ffb13506000 	C:\WINDOWS\System32\combase.dll
0x00007ffb11e40000 - 0x00007ffb11ec0000 	C:\WINDOWS\System32\bcryptPrimitives.dll
0x00007ffb124c0000 - 0x00007ffb124ee000 	C:\WINDOWS\System32\IMM32.DLL
0x000000005eb90000 - 0x000000005ec62000 	E:\Android Studio\jre\jre\bin\msvcr100.dll
0x000000005e030000 - 0x000000005e876000 	E:\Android Studio\jre\jre\bin\server\jvm.dll
0x00007ffb13b40000 - 0x00007ffb13b48000 	C:\WINDOWS\System32\PSAPI.DLL
0x00007ffafebb0000 - 0x00007ffafebba000 	C:\WINDOWS\SYSTEM32\VERSION.dll
0x00007ffb0c2b0000 - 0x00007ffb0c2b9000 	C:\WINDOWS\SYSTEM32\WSOCK32.dll
0x00007ffb12f40000 - 0x00007ffb12faf000 	C:\WINDOWS\System32\WS2_32.dll
0x00007ffb0c520000 - 0x00007ffb0c544000 	C:\WINDOWS\SYSTEM32\WINMM.dll
0x00007ffb0c4f0000 - 0x00007ffb0c51d000 	C:\WINDOWS\SYSTEM32\WINMMBASE.dll
0x00007ffb11b80000 - 0x00007ffb11bca000 	C:\WINDOWS\System32\cfgmgr32.dll
0x00007ffb0b070000 - 0x00007ffb0b07f000 	E:\Android Studio\jre\jre\bin\verify.dll
0x00007ffaffda0000 - 0x00007ffaffdc9000 	E:\Android Studio\jre\jre\bin\java.dll
0x00007ffb01fd0000 - 0x00007ffb01fe6000 	E:\Android Studio\jre\jre\bin\zip.dll
0x00007ffb12850000 - 0x00007ffb12f36000 	C:\WINDOWS\System32\SHELL32.dll
0x00007ffb127a0000 - 0x00007ffb12849000 	C:\WINDOWS\System32\shcore.dll
0x00007ffb110b0000 - 0x00007ffb11830000 	C:\WINDOWS\System32\windows.storage.dll
0x00007ffb11080000 - 0x00007ffb110a9000 	C:\WINDOWS\System32\Wldp.dll
0x00007ffb11890000 - 0x00007ffb119d9000 	C:\WINDOWS\System32\CRYPT32.dll
0x00007ffb10ff0000 - 0x00007ffb11002000 	C:\WINDOWS\System32\MSASN1.dll
0x00007ffb11ec0000 - 0x00007ffb11f1c000 	C:\WINDOWS\System32\WINTRUST.dll
0x00007ffb10fc0000 - 0x00007ffb10fe3000 	C:\WINDOWS\System32\profapi.dll
0x00007ffb11010000 - 0x00007ffb1105a000 	C:\WINDOWS\System32\powrprof.dll
0x00007ffb10fb0000 - 0x00007ffb10fc0000 	C:\WINDOWS\System32\UMPDC.dll
0x00007ffb13fb0000 - 0x00007ffb14002000 	C:\WINDOWS\System32\shlwapi.dll
0x00007ffb11060000 - 0x00007ffb11071000 	C:\WINDOWS\System32\kernel.appcore.dll
0x00007ffb11d70000 - 0x00007ffb11d87000 	C:\WINDOWS\System32\cryptsp.dll
0x00007ffb014b0000 - 0x00007ffb014ca000 	E:\Android Studio\jre\jre\bin\net.dll
0x00007ffb02dd0000 - 0x00007ffb02fa5000 	C:\WINDOWS\SYSTEM32\urlmon.dll
0x00007ffb03710000 - 0x00007ffb039b6000 	C:\WINDOWS\SYSTEM32\iertutil.dll
0x00007ffb10a20000 - 0x00007ffb10a2c000 	C:\WINDOWS\SYSTEM32\CRYPTBASE.DLL
0x00007ffb10850000 - 0x00007ffb108b7000 	C:\WINDOWS\system32\mswsock.dll
0x00007ffafee30000 - 0x00007ffafee43000 	E:\Android Studio\jre\jre\bin\nio.dll
0x00007ffb02030000 - 0x00007ffb02056000 	C:\Users\bless\.gradle\native\30\windows-amd64\native-platform.dll
0x00007ffb01b60000 - 0x00007ffb01b6d000 	E:\Android Studio\jre\jre\bin\management.dll
0x00007ffb103c0000 - 0x00007ffb103f3000 	C:\WINDOWS\system32\rsaenh.dll
0x00007ffb11860000 - 0x00007ffb11886000 	C:\WINDOWS\System32\bcrypt.dll
0x00007ffb10ed0000 - 0x00007ffb10ef5000 	C:\WINDOWS\SYSTEM32\USERENV.dll
0x00007ffb10560000 - 0x00007ffb1059a000 	C:\WINDOWS\SYSTEM32\IPHLPAPI.DLL
0x00007ffb124f0000 - 0x00007ffb124f8000 	C:\WINDOWS\System32\NSI.dll
0x00007ffb06ee0000 - 0x00007ffb06ef6000 	C:\WINDOWS\SYSTEM32\dhcpcsvc6.DLL
0x00007ffb08c90000 - 0x00007ffb08cac000 	C:\WINDOWS\SYSTEM32\dhcpcsvc.DLL
0x00007ffb105a0000 - 0x00007ffb1066a000 	C:\WINDOWS\SYSTEM32\DNSAPI.dll
0x00007ffb0f890000 - 0x00007ffb0fa84000 	C:\WINDOWS\SYSTEM32\dbghelp.dll

VM Arguments:
jvm_args: -Xmx1536m -Dfile.encoding=GBK -Duser.country=CN -Duser.language=zh -Duser.variant 
java_command: org.gradle.launcher.daemon.bootstrap.GradleDaemon 5.6.4
java_class_path (initial): C:\Users\bless\.gradle\wrapper\dists\gradle-5.6.4-all\ankdp27end7byghfw1q2sw75f\gradle-5.6.4\lib\gradle-launcher-5.6.4.jar
Launcher Type: SUN_STANDARD

Environment Variables:
JAVA_HOME=E:\Java\JDK
PATH=C:\Program Files (x86)\Intel\Intel(R) Management Engine Components\iCLS\;C:\Program Files\Intel\Intel(R) Management Engine Components\iCLS\;C:\WINDOWS\system32;C:\WINDOWS;C:\WINDOWS\System32\Wbem;C:\WINDOWS\System32\WindowsPowerShell\v1.0\;C:\WINDOWS\System32\OpenSSH\;E:\Java\JDK\bin;E:\Java\JDK\jre\bin;E:\Android_SDK_Manager\platform-tools;E:\Android_SDK_Manager\tools;E:\Git\cmd;C:\Program Files (x86)\Intel\Intel(R) Management Engine Components\DAL;C:\Program Files\Intel\Intel(R) Management Engine Components\DAL;C:\Program Files (x86)\Intel\Intel(R) Management Engine Components\IPT;C:\Program Files\Intel\Intel(R) Management Engine Components\IPT;F:\Bandizip\;%USERPROFILE%\AppData\Local\Microsoft\WindowsApps;
USERNAME=bless
OS=Windows_NT
PROCESSOR_IDENTIFIER=Intel64 Family 6 Model 142 Stepping 9, GenuineIntel



---------------  S Y S T E M  ---------------

OS: Windows 10.0 , 64 bit Build 18362 (10.0.18362.329)

CPU:total 4 (initial active 4) (2 cores per cpu, 2 threads per core) family 6 model 142 stepping 9, cmov, cx8, fxsr, mmx, sse, sse2, sse3, ssse3, sse4.1, sse4.2, popcnt, avx, avx2, aes, clmul, erms, 3dnowpref, lzcnt, ht, tsc, tscinvbit, bmi1, bmi2, adx

Memory: 4k page, physical 8193548k(2867012k free), swap 12387852k(3508568k free)

vm_info: OpenJDK 64-Bit Server VM (25.212-b04) for windows-amd64 JRE (1.8.0_212-release-1586-b04), built by "builder" with MS VC++ 10.0 (VS2010)

time: Fri Mar 06 14:46:58 2020
timezone: 中国标准时间
elapsed time: 3880 seconds (0d 1h 4m 40s)

